<?xml version='1.0' encoding='UTF-8'?>
<testsuite hostname="RAVIII" name="helper.StatisticsHelperTest" tests="2" errors="0" failures="0" skipped="0" time="0.003" timestamp="2022-04-13T22:14:14">
                     <properties>
[...]
</properties>
                     <testcase classname="helper.StatisticsHelperTest" name="testGlobalstats" time="0.002">
                                                 
                                               </testcase><testcase classname="helper.StatisticsHelperTest" name="testlocalstats" time="0.001">
                                                 
                                               </testcase>
                     <system-out><![CDATA[]]></system-out>
                     <system-err><![CDATA[]]></system-err>
                   </testsuite>